\BOOKMARK [0][-]{chapter.1}{\376\377\000R\0003\172\172\225\364\166\204\124\021\221\317\122\006\147\220}{}% 1
\BOOKMARK [1][-]{section.1.1}{\376\377\124\021\221\317\122\006\147\220\127\372\147\054\167\345\213\306}{chapter.1}% 2
\BOOKMARK [2][-]{subsection.1.1.1}{\376\377\162\061\126\340\145\257\127\146\154\102\124\214\176\246\133\232}{section.1.1}% 3
\BOOKMARK [2][-]{subsection.1.1.2}{\376\377\000K\000r\000o\000n\000e\000c\000h\000e\000r\000\040\000d\000e\000l\000t\000a\000\040\173\046\123\367\000\040}{section.1.1}% 4
\BOOKMARK [2][-]{subsection.1.1.3}{\376\377\116\011\226\066\000\040\000L\000e\000v\000i\000-\000C\000i\000t\000i\000t\000a\000\040\173\046\123\367\000\040}{section.1.1}% 5
\BOOKMARK [2][-]{subsection.1.1.4}{\376\377\116\000\116\233\173\200\123\125\173\227\117\213}{section.1.1}% 6
\BOOKMARK [2][-]{subsection.1.1.5}{\376\377\000n\000a\000b\000l\000a\173\227\133\120}{section.1.1}% 7
\BOOKMARK [2][-]{subsection.1.1.6}{\376\377\150\007\221\317\127\072\166\204\150\257\136\246\060\001\145\271\124\021\133\374\145\160\060\001\150\257\136\246\133\232\164\006}{section.1.1}% 8
\BOOKMARK [3][-]{subsubsection.1.1.6.1}{\376\377\150\007\221\317\127\072\150\257\136\246\166\204\133\232\116\111}{subsection.1.1.6}% 9
\BOOKMARK [3][-]{subsubsection.1.1.6.2}{\376\377\145\271\124\021\133\374\145\160\166\204\133\232\116\111}{subsection.1.1.6}% 10
\BOOKMARK [3][-]{subsubsection.1.1.6.3}{\376\377\150\007\221\317\127\072\150\257\136\246\116\016\145\271\124\021\133\374\145\160\166\204\121\163\174\373}{subsection.1.1.6}% 11
\BOOKMARK [3][-]{subsubsection.1.1.6.4}{\376\377\150\007\221\317\127\072\150\257\136\246\166\204\141\017\116\111}{subsection.1.1.6}% 12
\BOOKMARK [3][-]{subsubsection.1.1.6.5}{\376\377\150\257\136\246\133\232\164\006}{subsection.1.1.6}% 13
\BOOKMARK [2][-]{subsection.1.1.7}{\376\377\167\342\221\317\127\072\166\204\145\143\136\246\060\001\232\330\145\257\133\232\164\006}{section.1.1}% 14
\BOOKMARK [3][-]{subsubsection.1.1.7.1}{\376\377\167\342\221\317\127\072\145\143\136\246\166\204\133\232\116\111}{subsection.1.1.7}% 15
\BOOKMARK [3][-]{subsubsection.1.1.7.2}{\376\377\232\330\145\257\133\232\164\006}{subsection.1.1.7}% 16
\BOOKMARK [2][-]{subsection.1.1.8}{\376\377\167\342\221\317\127\072\166\204\145\313\136\246\060\001\145\257\142\130\121\113\145\257\133\232\164\006}{section.1.1}% 17
\BOOKMARK [3][-]{subsubsection.1.1.8.1}{\376\377\167\342\221\317\127\072\166\204\145\313\136\246}{subsection.1.1.8}% 18
\BOOKMARK [3][-]{subsubsection.1.1.8.2}{\376\377\145\257\142\130\121\113\145\257\133\232\164\006}{subsection.1.1.8}% 19
\BOOKMARK [1][-]{section.1.2}{\376\377\124\021\221\317\122\006\147\220\136\070\165\050\121\154\137\017}{chapter.1}% 20
\BOOKMARK [2][-]{subsection.1.2.1}{\376\377\122\006\147\220\135\345\121\167}{section.1.2}% 21
\BOOKMARK [2][-]{subsection.1.2.2}{\376\377\000R\0003\172\172\225\364\221\315\211\201\137\256\122\006\140\122\173\111\137\017\123\312\121\166\213\301\146\016}{section.1.2}% 22
\BOOKMARK [3][-]{subsubsection.1.2.2.1}{\376\377\116\016\000x\147\011\121\163\166\204\121\154\137\017}{subsection.1.2.2}% 23
\BOOKMARK [3][-]{subsubsection.1.2.2.2}{\376\377\116\316\135\346\137\200\123\363\213\301\166\204\121\154\137\017}{subsection.1.2.2}% 24
\BOOKMARK [3][-]{subsubsection.1.2.2.3}{\376\377\227\000\211\201\154\350\141\017\122\233\166\204\121\154\137\017}{subsection.1.2.2}% 25
\BOOKMARK [3][-]{subsubsection.1.2.2.4}{\376\377\116\316\123\363\137\200\135\346\213\301\166\204\121\154\137\017}{subsection.1.2.2}% 26
\BOOKMARK [2][-]{subsection.1.2.3}{\376\377\000R\0003\172\172\225\364\221\315\211\201\171\357\122\006\140\122\173\111\137\017\123\312\121\166\213\301\146\016}{section.1.2}% 27
\BOOKMARK [3][-]{subsubsection.1.2.3.1}{\376\377\232\330\145\257\133\232\164\006}{subsection.1.2.3}% 28
\BOOKMARK [3][-]{subsubsection.1.2.3.2}{\376\377\145\257\142\130\121\113\145\257\133\232\164\006}{subsection.1.2.3}% 29
\BOOKMARK [3][-]{subsubsection.1.2.3.3}{\376\377\150\074\147\227\173\054\116\000\140\122\173\111\137\017}{subsection.1.2.3}% 30
\BOOKMARK [3][-]{subsubsection.1.2.3.4}{\376\377\150\074\147\227\173\054\116\214\140\122\173\111\137\017}{subsection.1.2.3}% 31
\BOOKMARK [3][-]{subsubsection.1.2.3.5}{\376\377\232\330\145\257\133\232\164\006\166\204\116\000\116\052\143\250\213\272}{subsection.1.2.3}% 32
\BOOKMARK [3][-]{subsubsection.1.2.3.6}{\376\377\145\257\142\130\121\113\145\257\133\232\164\006\166\204\116\000\116\052\143\250\213\272}{subsection.1.2.3}% 33
\BOOKMARK [0][-]{chapter.2}{\376\377\000R\0003\172\172\225\364\146\362\176\277\127\120\150\007\174\373\116\055\166\204\124\021\221\317\122\006\147\220}{}% 34
