This is pdfTeX, Version 3.141592653-2.6-1.40.26 (TeX Live 2024) (preloaded format=pdflatex 2025.1.11)  23 JAN 2025 12:52
entering extended mode
 restricted \write18 enabled.
 file:line:error style messages enabled.
 %&-line parsing enabled.
**c:/Users/ZhuanZ/Desktop/Surviving-LZU-Physics/ÂÖâ3‰Ωú‰∏ö/Â∞èËÆ∫Êñá/HHL.tex
(c:/Users/ZhuanZ/Desktop/Surviving-LZU-Physics/ÂÖâ3‰Ωú‰∏ö/Â∞èËÆ∫Êñá/HHL.tex
LaTeX2e <2023-11-01> patch level 1
L3 programming layer <2024-02-20>
(c:/texlive/2024/texmf-dist/tex/latex/revtex/revtex4-2.cls
Document Class: revtex4-2 2022/06/05 4.2f (https://journals.aps.org/revtex/ for documentation)
 Copyright (c) 2019 American Physical Society.
 mailto:revtex@aps.org
 Licensed under the LPPL:
http://www.ctan.org/tex-archive/macros/latex/base/lppl.txt
 Arthur Ogawa <arthur_ogawa at sbcglobal dot net>
 Based on work by David Carlisle <david at dcarlisle.demon.co.uk>
 Version (4.2d--4.2f): Modified by Mark Doyle and Phelype Oleinik
 .
ltxutil[2022/06/05 4.2f utilities package (portions licensed from W. E. Baxter web at superscript.com)]
LaTeX Info: Redefining \@centercr on input line 356.
Class revtex4-2 Info: Repairing broken LaTeX eqnarray on input line 417.
\eqncolsep=\skip48
Class revtex4-2 Info: Repairing hyperref-unfriendly LaTeX definition of \mpfootnote on input line 492.
Class revtex4-2 Info: Repairing broken LateX \@sect on input line 814.
\intertabularlinepenalty=\count188
\@tbpen=\count189
\@arstrutbox@hline=\box51
Class revtex4-2 Info: Repairing broken LaTeX \@xbitor on input line 1845.
Class revtex4-2 Info: Making \typeout \long on input line 2110.
ltxfront[2022/06/05 4.2f frontmatter package (AO,DPC,MD)]
\c@affil=\count190
\c@collab=\count191
\absbox=\box52
ltxgrid[2022/06/05 4.2f page grid package (portions licensed from W. E. Baxter web at superscript.com)]
\c@linecount=\count192
\output@latex=\toks17
\box@size@1=\box53
\box@size@2=\box54
\@protection@box=\box55
\@topmark@saved=\toks18
\footins@saved=\box56
\footins@recovered=\box57
\column@recovered=\box58
\pagesofar=\box59
\footsofar=\box60
\pagegrid@col=\count193
Class revtex4-2 Info: Overriding \@vspace, \@vspacer, \@no@pgbk, \@newline, and \\  on input line 5676.
\c@part=\count194
\c@section=\count195
\c@subsection=\count196
\c@subsubsection=\count197
\c@paragraph=\count198
\c@subparagraph=\count199
\abovecaptionskip=\skip49
\belowcaptionskip=\skip50
\c@figure=\count266
\fbox@1=\box61
\c@table=\count267
\fbox@2=\box62
\c@video=\count268
\fbox@4=\box63
\@bibdataout=\write3
\widetext@top=\box64
\widetext@bot=\box65
Class revtex4-2 Info: Selecting society aps on input line 7669.
(c:/texlive/2024/texmf-dist/tex/latex/revtex/aps4-2.rtx
File: aps4-2 2022/06/05 4.2f (https://journals.aps.org/revtex/ for documentation)
Class revtex4-2 Info: RevTeX society APS selected on input line 40.
)
Class revtex4-2 Info: Selecting journal prl on input line 7671.
Class revtex4-2 Info: APS journal PRL selected on input line 7672.


Class revtex4-2 Warning: No type size specified, using default 10.

(c:/texlive/2024/texmf-dist/tex/latex/revtex/aps10pt4-2.rtx
File: aps10pt4-2 2022/06/05 4.2f (https://journals.aps.org/revtex/ for documentation)
Class revtex4-2 Info: RevTeX pointsize 10pt selected on input line 39.
) (c:/texlive/2024/texmf-dist/tex/latex/textcase/textcase.sty
Package: textcase 2023/07/27 v1.04 Text only upper/lower case changing (DPC)
Package textcase Info: Defining Legacy names on input line 20.
) (c:/texlive/2024/texmf-dist/tex/latex/url/url.sty
\Urlmuskip=\muskip16
Package: url 2013/09/16  ver 3.4  Verb mode for urls, etc.
) (c:/texlive/2024/texmf-dist/tex/latex/natbib/natbib.sty
Package: natbib 2010/09/13 8.31b (PWD, AO)
\bibhang=\skip51
\bibsep=\skip52
LaTeX Info: Redefining \cite on input line 694.
\c@NAT@ctr=\count269
)
Class revtex4-2 Info: Repairing natbib's \BibitemShut on input line 7676.
 (c:/texlive/2024/texmf-dist/tex/latex/revtex/revsymb4-2.sty
Package: revsymb4-2 2022/06/05 4.2f (https://journals.aps.org/revtex/ for documentation)
LaTeX Info: Redefining \REV@mathfrak on input line 128.
)) (c:/texlive/2024/texmf-dist/tex/latex/adjustbox/adjustbox.sty
Package: adjustbox 2022/10/17 v1.3a Adjusting TeX boxes (trim, clip, ...)
 (c:/texlive/2024/texmf-dist/tex/latex/xkeyval/xkeyval.sty
Package: xkeyval 2022/06/16 v2.9 package option processing (HA)
 (c:/texlive/2024/texmf-dist/tex/generic/xkeyval/xkeyval.tex (c:/texlive/2024/texmf-dist/tex/generic/xkeyval/xkvutils.tex
\XKV@toks=\toks19
\XKV@tempa@toks=\toks20
 (c:/texlive/2024/texmf-dist/tex/generic/xkeyval/keyval.tex))
\XKV@depth=\count270
File: xkeyval.tex 2014/12/03 v2.7a key=value parser (HA)
)) (c:/texlive/2024/texmf-dist/tex/latex/adjustbox/adjcalc.sty
Package: adjcalc 2012/05/16 v1.1 Provides advanced setlength with multiple back-ends (calc, etex, pgfmath)
) (c:/texlive/2024/texmf-dist/tex/latex/adjustbox/trimclip.sty
Package: trimclip 2020/08/19 v1.2 Trim and clip general TeX material
 (c:/texlive/2024/texmf-dist/tex/latex/graphics/graphicx.sty
Package: graphicx 2021/09/16 v1.2d Enhanced LaTeX Graphics (DPC,SPQR)
 (c:/texlive/2024/texmf-dist/tex/latex/graphics/graphics.sty
Package: graphics 2022/03/10 v1.4e Standard LaTeX Graphics (DPC,SPQR)
 (c:/texlive/2024/texmf-dist/tex/latex/graphics/trig.sty
Package: trig 2021/08/11 v1.11 sin cos tan (DPC)
) (c:/texlive/2024/texmf-dist/tex/latex/graphics-cfg/graphics.cfg
File: graphics.cfg 2016/06/04 v1.11 sample graphics configuration
)
Package graphics Info: Driver file: pdftex.def on input line 107.
 (c:/texlive/2024/texmf-dist/tex/latex/graphics-def/pdftex.def
File: pdftex.def 2022/09/22 v1.2b Graphics/color driver for pdftex
))
\Gin@req@height=\dimen140
\Gin@req@width=\dimen141
) (c:/texlive/2024/texmf-dist/tex/latex/collectbox/collectbox.sty
Package: collectbox 2022/10/17 v0.4c Collect macro arguments as boxes
\collectedbox=\box66
)
\tc@llx=\dimen142
\tc@lly=\dimen143
\tc@urx=\dimen144
\tc@ury=\dimen145
Package trimclip Info: Using driver 'tc-pdftex.def'.
 (c:/texlive/2024/texmf-dist/tex/latex/adjustbox/tc-pdftex.def
File: tc-pdftex.def 2019/01/04 v2.2 Clipping driver for pdftex
))
\adjbox@Width=\dimen146
\adjbox@Height=\dimen147
\adjbox@Depth=\dimen148
\adjbox@Totalheight=\dimen149
\adjbox@pwidth=\dimen150
\adjbox@pheight=\dimen151
\adjbox@pdepth=\dimen152
\adjbox@ptotalheight=\dimen153
 (c:/texlive/2024/texmf-dist/tex/latex/ifoddpage/ifoddpage.sty
Package: ifoddpage 2022/10/18 v1.2 Conditionals for odd/even page detection
\c@checkoddpage=\count271
) (c:/texlive/2024/texmf-dist/tex/latex/varwidth/varwidth.sty
Package: varwidth 2009/03/30 ver 0.92;  Variable-width minipages
\@vwid@box=\box67
\sift@deathcycles=\count272
\@vwid@loff=\dimen154
\@vwid@roff=\dimen155
)) (c:/texlive/2024/texmf-dist/tex/latex/float/float.sty
Package: float 2001/11/08 v1.3d Float enhancements (AL)
\c@float@type=\count273
\float@exts=\toks21
\float@box=\box68
\@float@everytoks=\toks22
\@floatcapt=\box69
) (c:/texlive/2024/texmf-dist/tex/latex/braket/braket.sty) (c:/texlive/2024/texmf-dist/tex/latex/base/inputenc.sty
Package: inputenc 2021/02/14 v1.3d Input encoding file
\inpenc@prehook=\toks23
\inpenc@posthook=\toks24
) (c:/texlive/2024/texmf-dist/tex/latex/ctex/ctex.sty (c:/texlive/2024/texmf-dist/tex/latex/l3kernel/expl3.sty
Package: expl3 2024-02-20 L3 programming layer (loader) 
 (c:/texlive/2024/texmf-dist/tex/latex/l3backend/l3backend-pdftex.def
File: l3backend-pdftex.def 2024-02-20 L3 backend support: PDF output (pdfTeX)
\l__color_backend_stack_int=\count274
\l__pdf_internal_box=\box70
))
Package: ctex 2022/07/14 v2.5.10 Chinese adapter in LaTeX (CTEX)
 (c:/texlive/2024/texmf-dist/tex/latex/ctex/ctexhook.sty
Package: ctexhook 2022/07/14 v2.5.10 Document and package hooks (CTEX)
) (c:/texlive/2024/texmf-dist/tex/latex/ctex/ctexpatch.sty
Package: ctexpatch 2022/07/14 v2.5.10 Patching commands (CTEX)
) (c:/texlive/2024/texmf-dist/tex/latex/base/fix-cm.sty
Package: fix-cm 2020/11/24 v1.1t fixes to LaTeX
 (c:/texlive/2024/texmf-dist/tex/latex/base/ts1enc.def
File: ts1enc.def 2001/06/05 v3.0e (jk/car/fm) Standard LaTeX file
LaTeX Font Info:    Redeclaring font encoding TS1 on input line 47.
))
\l__ctex_tmp_int=\count275
\l__ctex_tmp_box=\box71
\l__ctex_tmp_dim=\dimen156
\g__ctex_section_depth_int=\count276
\g__ctex_font_size_int=\count277
 (c:/texlive/2024/texmf-dist/tex/latex/ctex/config/ctexopts.cfg
File: ctexopts.cfg 2022/07/14 v2.5.10 Option configuration file (CTEX)
)

Package ctex Warning: UTF8 will be used as the default encoding.

(c:/texlive/2024/texmf-dist/tex/latex/ctex/engine/ctex-engine-pdftex.def
File: ctex-engine-pdftex.def 2022/07/14 v2.5.10 (pdf)LaTeX adapter (CTEX)
 (c:/texlive/2024/texmf-dist/tex/latex/cjk/texinput/CJKutf8.sty
Package: CJKutf8 2021/10/16 4.8.5
 (c:/texlive/2024/texmf-dist/tex/generic/iftex/ifpdf.sty
Package: ifpdf 2019/10/25 v3.4 ifpdf legacy package. Use iftex instead.
 (c:/texlive/2024/texmf-dist/tex/generic/iftex/iftex.sty
Package: iftex 2022/02/03 v1.0f TeX engine tests
)) (c:/texlive/2024/texmf-dist/tex/latex/cjk/texinput/CJK.sty
Package: CJK 2021/10/16 4.8.5
 (c:/texlive/2024/texmf-dist/tex/latex/cjk/texinput/mule/MULEenc.sty
Package: MULEenc 2021/10/16 4.8.5
) (c:/texlive/2024/texmf-dist/tex/latex/cjk/texinput/CJK.enc
File: CJK.enc 2021/10/16 4.8.5
Now handling font encoding C00 ...
... no UTF-8 mapping file for font encoding C00
Now handling font encoding C05 ...
... no UTF-8 mapping file for font encoding C05
Now handling font encoding C09 ...
... no UTF-8 mapping file for font encoding C09
Now handling font encoding C10 ...
... no UTF-8 mapping file for font encoding C10
Now handling font encoding C20 ...
... no UTF-8 mapping file for font encoding C20
Now handling font encoding C19 ...
... no UTF-8 mapping file for font encoding C19
Now handling font encoding C40 ...
... no UTF-8 mapping file for font encoding C40
Now handling font encoding C42 ...
... no UTF-8 mapping file for font encoding C42
Now handling font encoding C43 ...
... no UTF-8 mapping file for font encoding C43
Now handling font encoding C50 ...
... no UTF-8 mapping file for font encoding C50
Now handling font encoding C52 ...
... no UTF-8 mapping file for font encoding C52
Now handling font encoding C49 ...
... no UTF-8 mapping file for font encoding C49
Now handling font encoding C60 ...
... no UTF-8 mapping file for font encoding C60
Now handling font encoding C61 ...
... no UTF-8 mapping file for font encoding C61
Now handling font encoding C63 ...
... no UTF-8 mapping file for font encoding C63
Now handling font encoding C64 ...
... no UTF-8 mapping file for font encoding C64
Now handling font encoding C65 ...
... no UTF-8 mapping file for font encoding C65
Now handling font encoding C70 ...
... no UTF-8 mapping file for font encoding C70
Now handling font encoding C31 ...
... no UTF-8 mapping file for font encoding C31
Now handling font encoding C32 ...
... no UTF-8 mapping file for font encoding C32
Now handling font encoding C33 ...
... no UTF-8 mapping file for font encoding C33
Now handling font encoding C34 ...
... no UTF-8 mapping file for font encoding C34
Now handling font encoding C35 ...
... no UTF-8 mapping file for font encoding C35
Now handling font encoding C36 ...
... no UTF-8 mapping file for font encoding C36
Now handling font encoding C37 ...
... no UTF-8 mapping file for font encoding C37
Now handling font encoding C80 ...
... no UTF-8 mapping file for font encoding C80
Now handling font encoding C81 ...
... no UTF-8 mapping file for font encoding C81
Now handling font encoding C01 ...
... no UTF-8 mapping file for font encoding C01
Now handling font encoding C11 ...
... no UTF-8 mapping file for font encoding C11
Now handling font encoding C21 ...
... no UTF-8 mapping file for font encoding C21
Now handling font encoding C41 ...
... no UTF-8 mapping file for font encoding C41
Now handling font encoding C62 ...
... no UTF-8 mapping file for font encoding C62
)
\CJK@indent=\box72
) (c:/texlive/2024/texmf-dist/tex/latex/base/fontenc.sty
Package: fontenc 2021/04/29 v2.0v Standard LaTeX package
)) (c:/texlive/2024/texmf-dist/tex/latex/cjkpunct/CJKpunct.sty
Package: CJKpunct 2016/05/14 4.8.4
\CJKpunct@cnta=\count278
\CJKpunct@cntb=\count279
\CJKpunct@cntc=\count280
\CJKpunct@cntd=\count281
\CJKpunct@cnte=\count282
   defining Unicode char U+2018 (decimal 8216)
   defining Unicode char U+2019 (decimal 8217)
   defining Unicode char U+201C (decimal 8220)
   defining Unicode char U+201D (decimal 8221)
   defining Unicode char U+2014 (decimal 8212)
   defining Unicode char U+2026 (decimal 8230)
 (c:/texlive/2024/texmf-dist/tex/latex/cjkpunct/CJKpunct.spa)) (c:/texlive/2024/texmf-dist/tex/latex/cjk/texinput/CJKspace.sty
Package: CJKspace 2021/10/16 3.8.0
) (c:/texlive/2024/texmf-dist/tex/latex/cjk/texinput/UTF8/UTF8.bdg
File: UTF8.bdg 2021/10/16 4.8.5
) (c:/texlive/2024/texmf-dist/tex/latex/ctex/ctexspa.def
File: ctexspa.def 2022/07/14 v2.5.10 Space info for CJKpunct (CTEX)
)
\ccwd=\dimen157
\l__ctex_ccglue_skip=\skip53
)
\l__ctex_ziju_dim=\dimen158
 (c:/texlive/2024/texmf-dist/tex/latex/zhnumber/zhnumber.sty
Package: zhnumber 2022/07/14 v3.0 Typesetting numbers with Chinese glyphs
\l__zhnum_scale_int=\count283
\l__zhnum_tmp_int=\count284
 (c:/texlive/2024/texmf-dist/tex/latex/zhnumber/zhnumber-utf8.cfg
File: zhnumber-utf8.cfg 2022/07/14 v3.0 Chinese numerals with UTF8 encoding
)) (c:/texlive/2024/texmf-dist/tex/latex/ctex/scheme/ctex-scheme-chinese.def
File: ctex-scheme-chinese.def 2022/07/14 v2.5.10 Chinese scheme for generic (CTEX)
 (c:/texlive/2024/texmf-dist/tex/latex/ctex/config/ctex-name-utf8.cfg
File: ctex-name-utf8.cfg 2022/07/14 v2.5.10 Caption with encoding UTF-8 (CTEX)
)) (c:/texlive/2024/texmf-dist/tex/latex/ctex/ctex-c5size.clo
File: ctex-c5size.clo 2022/07/14 v2.5.10 c5size option (CTEX)
) (c:/texlive/2024/texmf-dist/tex/latex/ctex/fontset/ctex-fontset-windows.def
File: ctex-fontset-windows.def 2022/07/14 v2.5.10 Windows fonts definition (CTEX)
)) (c:/texlive/2024/texmf-dist/tex/latex/ctex/config/ctex.cfg
File: ctex.cfg 2022/07/14 v2.5.10 Configuration file (CTEX)
) (c:/texlive/2024/texmf-dist/tex/latex/amsmath/amsmath.sty
Package: amsmath 2023/05/13 v2.17o AMS math features
\@mathmargin=\skip54

For additional information on amsmath, use the `?' option.
(c:/texlive/2024/texmf-dist/tex/latex/amsmath/amstext.sty
Package: amstext 2021/08/26 v2.01 AMS text
 (c:/texlive/2024/texmf-dist/tex/latex/amsmath/amsgen.sty
File: amsgen.sty 1999/11/30 v2.0 generic functions
\@emptytoks=\toks25
\ex@=\dimen159
)
LaTeX Info: Redefining \text on input line 28.
) (c:/texlive/2024/texmf-dist/tex/latex/amsmath/amsbsy.sty
Package: amsbsy 1999/11/29 v1.2d Bold Symbols
\pmbraise@=\dimen160
) (c:/texlive/2024/texmf-dist/tex/latex/amsmath/amsopn.sty
Package: amsopn 2022/04/08 v2.04 operator names
)
\inf@bad=\count285
LaTeX Info: Redefining \frac on input line 234.
\uproot@=\count286
\leftroot@=\count287
LaTeX Info: Redefining \overline on input line 399.
LaTeX Info: Redefining \colon on input line 410.
\classnum@=\count288
\DOTSCASE@=\count289
LaTeX Info: Redefining \ldots on input line 496.
LaTeX Info: Redefining \dots on input line 499.
LaTeX Info: Redefining \cdots on input line 620.
\Mathstrutbox@=\box73
\strutbox@=\box74
LaTeX Info: Redefining \big on input line 722.
LaTeX Info: Redefining \Big on input line 723.
LaTeX Info: Redefining \bigg on input line 724.
LaTeX Info: Redefining \Bigg on input line 725.
\big@size=\dimen161
LaTeX Font Info:    Redeclaring font encoding OML on input line 743.
LaTeX Font Info:    Redeclaring font encoding OMS on input line 744.
\macc@depth=\count290
LaTeX Info: Redefining \bmod on input line 905.
LaTeX Info: Redefining \pmod on input line 910.
LaTeX Info: Redefining \smash on input line 940.
LaTeX Info: Redefining \relbar on input line 970.
LaTeX Info: Redefining \Relbar on input line 971.
\c@MaxMatrixCols=\count291
\dotsspace@=\muskip17
\c@parentequation=\count292
\dspbrk@lvl=\count293
\tag@help=\toks26
\row@=\count294
\column@=\count295
\maxfields@=\count296
\andhelp@=\toks27
\eqnshift@=\dimen162
\alignsep@=\dimen163
\tagshift@=\dimen164
\tagwidth@=\dimen165
\totwidth@=\dimen166
\lineht@=\dimen167
\@envbody=\toks28
\multlinegap=\skip55
\multlinetaggap=\skip56
\mathdisplay@stack=\toks29
LaTeX Info: Redefining \[ on input line 2953.
LaTeX Info: Redefining \] on input line 2954.
) (c:/texlive/2024/texmf-dist/tex/latex/amsfonts/amsfonts.sty
Package: amsfonts 2013/01/14 v3.01 Basic AMSFonts support
\symAMSa=\mathgroup4
\symAMSb=\mathgroup5
LaTeX Font Info:    Redeclaring math symbol \hbar on input line 98.
LaTeX Font Info:    Overwriting math alphabet `\mathfrak' in version `bold'
(Font)                  U/euf/m/n --> U/euf/b/n on input line 106.
LaTeX Info: Redefining \frak on input line 111.
LaTeX Info: Redefining \Bbb on input line 113.
)
Class revtex4-2 Info: Unrecognized LaTeX tabular. Please update this document class! (Proceeding with fingers crossed.) on input line 43.


Class revtex4-2 Warning: Repair the float package.

Class revtex4-2 Info: cite was not loaded (OK!) on input line 43.
Class revtex4-2 Info: mcite was not loaded (OK!) on input line 43.
Class revtex4-2 Info: multicol was not loaded (OK!) on input line 43.
(c:/texlive/2024/texmf-dist/tex/latex/cjk/texinput/UTF8/UTF8.enc
File: UTF8.enc 2021/10/16 4.8.5
) (c:/texlive/2024/texmf-dist/tex/latex/cjk/texinput/UTF8/UTF8.chr
File: UTF8.chr 2021/10/16 4.8.5
) (./HHL.aux)
\openout1 = `HHL.aux'.

LaTeX Font Info:    Checking defaults for OML/cmm/m/it on input line 43.
LaTeX Font Info:    ... okay on input line 43.
LaTeX Font Info:    Checking defaults for OMS/cmsy/m/n on input line 43.
LaTeX Font Info:    ... okay on input line 43.
LaTeX Font Info:    Checking defaults for OT1/cmr/m/n on input line 43.
LaTeX Font Info:    ... okay on input line 43.
LaTeX Font Info:    Checking defaults for T1/cmr/m/n on input line 43.
LaTeX Font Info:    ... okay on input line 43.
LaTeX Font Info:    Checking defaults for TS1/cmr/m/n on input line 43.
LaTeX Font Info:    ... okay on input line 43.
LaTeX Font Info:    Checking defaults for OMX/cmex/m/n on input line 43.
LaTeX Font Info:    ... okay on input line 43.
LaTeX Font Info:    Checking defaults for U/cmr/m/n on input line 43.
LaTeX Font Info:    ... okay on input line 43.
LaTeX Font Info:    Checking defaults for C00/song/m/n on input line 43.
LaTeX Font Info:    ... okay on input line 43.
LaTeX Font Info:    Checking defaults for C05/song/m/n on input line 43.
LaTeX Font Info:    ... okay on input line 43.
LaTeX Font Info:    Checking defaults for C09/song/m/n on input line 43.
LaTeX Font Info:    ... okay on input line 43.
LaTeX Font Info:    Checking defaults for C10/song/m/n on input line 43.
LaTeX Font Info:    ... okay on input line 43.
LaTeX Font Info:    Checking defaults for C20/song/m/n on input line 43.
LaTeX Font Info:    ... okay on input line 43.
LaTeX Font Info:    Checking defaults for C19/song/m/n on input line 43.
LaTeX Font Info:    ... okay on input line 43.
LaTeX Font Info:    Checking defaults for C40/song/m/n on input line 43.
LaTeX Font Info:    ... okay on input line 43.
LaTeX Font Info:    Checking defaults for C42/song/m/n on input line 43.
LaTeX Font Info:    ... okay on input line 43.
LaTeX Font Info:    Checking defaults for C43/song/m/n on input line 43.
LaTeX Font Info:    ... okay on input line 43.
LaTeX Font Info:    Checking defaults for C50/song/m/n on input line 43.
LaTeX Font Info:    ... okay on input line 43.
LaTeX Font Info:    Checking defaults for C52/song/m/n on input line 43.
LaTeX Font Info:    ... okay on input line 43.
LaTeX Font Info:    Checking defaults for C49/song/m/n on input line 43.
LaTeX Font Info:    ... okay on input line 43.
LaTeX Font Info:    Checking defaults for C60/mj/m/n on input line 43.
LaTeX Font Info:    ... okay on input line 43.
LaTeX Font Info:    Checking defaults for C61/mj/m/n on input line 43.
LaTeX Font Info:    ... okay on input line 43.
LaTeX Font Info:    Checking defaults for C63/mj/m/n on input line 43.
LaTeX Font Info:    ... okay on input line 43.
LaTeX Font Info:    Checking defaults for C64/mj/m/n on input line 43.
LaTeX Font Info:    ... okay on input line 43.
LaTeX Font Info:    Checking defaults for C65/mj/m/n on input line 43.
LaTeX Font Info:    ... okay on input line 43.
LaTeX Font Info:    Checking defaults for C70/song/m/n on input line 43.
LaTeX Font Info:    ... okay on input line 43.
LaTeX Font Info:    Checking defaults for C31/song/m/n on input line 43.
LaTeX Font Info:    ... okay on input line 43.
LaTeX Font Info:    Checking defaults for C32/song/m/n on input line 43.
LaTeX Font Info:    ... okay on input line 43.
LaTeX Font Info:    Checking defaults for C33/song/m/n on input line 43.
LaTeX Font Info:    ... okay on input line 43.
LaTeX Font Info:    Checking defaults for C34/song/m/n on input line 43.
LaTeX Font Info:    ... okay on input line 43.
LaTeX Font Info:    Checking defaults for C35/song/m/n on input line 43.
LaTeX Font Info:    ... okay on input line 43.
LaTeX Font Info:    Checking defaults for C36/song/m/n on input line 43.
LaTeX Font Info:    ... okay on input line 43.
LaTeX Font Info:    Checking defaults for C37/song/m/n on input line 43.
LaTeX Font Info:    ... okay on input line 43.
LaTeX Font Info:    Checking defaults for C80/song/m/n on input line 43.
LaTeX Font Info:    ... okay on input line 43.
LaTeX Font Info:    Checking defaults for C81/song/m/n on input line 43.
LaTeX Font Info:    ... okay on input line 43.
LaTeX Font Info:    Checking defaults for C01/song/m/n on input line 43.
LaTeX Font Info:    ... okay on input line 43.
LaTeX Font Info:    Checking defaults for C11/song/m/n on input line 43.
LaTeX Font Info:    ... okay on input line 43.
LaTeX Font Info:    Checking defaults for C21/song/m/n on input line 43.
LaTeX Font Info:    ... okay on input line 43.
LaTeX Font Info:    Checking defaults for C41/song/m/n on input line 43.
LaTeX Font Info:    ... okay on input line 43.
LaTeX Font Info:    Checking defaults for C62/song/m/n on input line 43.
LaTeX Font Info:    ... okay on input line 43.
 (c:/texlive/2024/texmf-dist/tex/context/base/mkii/supp-pdf.mkii
[Loading MPS to PDF converter (version 2006.09.02).]
\scratchcounter=\count297
\scratchdimen=\dimen168
\scratchbox=\box75
\nofMPsegments=\count298
\nofMParguments=\count299
\everyMPshowfont=\toks30
\MPscratchCnt=\count300
\MPscratchDim=\dimen169
\MPnumerator=\count301
\makeMPintoPDFobject=\count302
\everyMPtoPDFconversion=\toks31
) (c:/texlive/2024/texmf-dist/tex/latex/epstopdf-pkg/epstopdf-base.sty
Package: epstopdf-base 2020-01-24 v2.11 Base part for package epstopdf
Package epstopdf-base Info: Redefining graphics rule for `.eps' on input line 485.
 (c:/texlive/2024/texmf-dist/tex/latex/latexconfig/epstopdf-sys.cfg
File: epstopdf-sys.cfg 2010/07/13 v1.3 Configuration of (r)epstopdf for TeX Live
))
\openout3 = `HHLNotes.bib'.

LaTeX Font Info:    Trying to load font information for C70+rm on input line 81.
 (c:/texlive/2024/texmf-dist/tex/latex/ctex/fd/c70rm.fd
File: c70rm.fd 2022/07/14 v2.5.10 Chinese font definition (CTEX)
)
Package CJKpunct Info: use punctuation spaces for family 'rm' with punctstyle (quanjiao) on input line 81.
LaTeX Font Info:    Trying to load font information for U+msa on input line 94.
 (c:/texlive/2024/texmf-dist/tex/latex/amsfonts/umsa.fd
File: umsa.fd 2013/01/14 v3.01 AMS symbols A
)
LaTeX Font Info:    Trying to load font information for U+msb on input line 94.
 (c:/texlive/2024/texmf-dist/tex/latex/amsfonts/umsb.fd
File: umsb.fd 2013/01/14 v3.01 AMS symbols B
)
Underfull \hbox (badness 1270) in paragraph at lines 103--104
[]\C70/rm/m/n/10.53937/67 , \C70/rm/m/n/10.53937/82 Ç \C70/rm/m/n/10.53937/5c ^^F \C70/rm/m/n/10.53937/5b ˘ \C70/rm/m/n/10.53937/67 , \C70/rm/m/n/10.53937/65 á \C70/rm/m/n/10.53937/6d â \C70/rm/m/n/10.53937/53   \C70/rm/m/n/10.53937/76 Ñ \C70/rm/m/n/10.53937/57 ˙ \C70/rm/m/n/10.53937/67 , \C70/rm/m/n/10.53937/72 i \C70/rm/m/n/10.53937/74 ^^F \C70/rm/m/n/10.53937/69 Ç \C70/rm/m/n/10.53937/5f ı \C70/rm/m/n/10.53937/8f € \C70/rm/m/n/10.53937/88 L \C70/rm/m/n/10.53937/7b Ä \C70/rm/m/n/10.53937/89 Å \C70/rm/m/n/10.53937/96 ^^P
 []


Overfull \hbox (0.77873pt too wide) detected at line 139
\OML/cmm/m/it/10.53937 H [] \OT1/cmr/m/n/10.53937 = [] [] [] = [] [] = []([] + [])
 []


Overfull \hbox (8.97604pt too wide) detected at line 158
\OML/cmm/m/it/10.53937 H [] \OT1/cmr/m/n/10.53937 = [] [] [] = [] [] = []([] \OMS/cmsy/m/n/10.53937 ^^@ []\OT1/cmr/m/n/10.53937 )
 []


Underfull \hbox (badness 1270) in paragraph at lines 162--163
[]\C70/rm/m/n/10.53937/82 Â \C70/rm/m/n/10.53937/91 œ \C70/rm/m/n/10.53937/5b P \C70/rm/m/n/10.53937/60 ^^A \C70/rm/m/n/10.53937/65 ‡ \C70/rm/m/n/10.53937/6c ’ \C70/rm/m/n/10.53937/51 ô \C70/rm/m/n/10.53937/62 ^^P \C70/rm/m/n/10.53937/51 ‡ \C70/rm/m/n/10.53937/4e * \C70/rm/m/n/10.53937/91 œ \C70/rm/m/n/10.53937/5b P \C70/rm/m/n/10.53937/6b ‘ \C70/rm/m/n/10.53937/72 y \C70/rm/m/n/10.53937/76 Ñ \C70/rm/m/n/10.53937/5f   \C70/rm/m/n/10.53937/91 œ \C70/rm/m/n/10.53937/79 Ô \C70/rm/m/n/10.53937/76 Ñ \C70/rm/m/n/10.53937/5f b
 []

(c:/texlive/2024/texmf-dist/tex/generic/ctex/zhmap/ctex-zhmap-windows.tex
File: ctex-zhmap-windows.tex 2022/07/14 v2.5.10 Windows font map loader for pdfTeX and DVIPDFMx (CTEX)
{c:/texlive/2024/texmf-var/fonts/map/pdftex/updmap/pdftex.map}{UGBK.sfd}{Unicode.sfd}) [1]
Underfull \hbox (badness 10000) in paragraph at lines 221--222
[]\C70/rm/m/n/10.53937/4e ^^@ * \C70/rm/m/n/10.53937/7e ø \C70/rm/m/n/10.53937/60 ' \C70/rm/m/n/10.53937/7c ˚ \C70/rm/m/n/10.53937/7e ﬂ \C70/rm/m/n/10.53937/95 Ó \C70/rm/m/n/10.53937/98 ò\OT1/cmr/m/n/10.53937 (linear sys-tem prob-lem,
 []

<fig/fig1.png, id=159, 323.70938pt x 261.97874pt>
File: fig/fig1.png Graphic file (type png)
<use fig/fig1.png>
Package pdftex.def Info: fig/fig1.png  used on input line 233.
(pdftex.def)             Requested size: 356.99844pt x 288.93703pt.
[2]
Overfull \hbox (22.43457pt too wide) detected at line 333
[][]
 []

<fig/fig2.png, id=182, 330.23375pt x 137.01187pt>
File: fig/fig2.png Graphic file (type png)
<use fig/fig2.png>
Package pdftex.def Info: fig/fig2.png  used on input line 337.
(pdftex.def)             Requested size: 280.50156pt x 116.38329pt.

Overfull \hbox (34.50156pt too wide) in paragraph at lines 337--338
 [][] 
 []


Underfull \hbox (badness 10000) in paragraph at lines 342--343
[]\C70/rm/m/n/10.53937/71 6 \C70/rm/m/n/10.53937/54 ^^N \C70/rm/m/n/10.53937/5b ˘ \OT1/cmr/m/n/10.53937 c-\C70/rm/m/n/10.53937/91 œ \C70/rm/m/n/10.53937/5b P \C70/rm/m/n/10.53937/6b ‘ \C70/rm/m/n/10.53937/72 y \C70/rm/m/n/10.53937/65 Ω \C70/rm/m/n/10.53937/52 † \C70/rm/m/n/10.53937/90 ^^F \C70/rm/m/n/10.53937/91 œ \C70/rm/m/n/10.53937/5b P \C70/rm/m/n/10.53937/50 Ö \C70/rm/m/n/10.53937/91 Ã \C70/rm/m/n/10.53937/53 ˆ ÿ
 []


Overfull \hbox (8.08182pt too wide) detected at line 352
[][]
 []

[3 <./fig/fig1.png>]

LaTeX Warning: A float is stuck (cannot be placed); try class option [floatfix] on input line 352.


Overfull \hbox (2.80466pt too wide) detected at line 424
[][]
 []

[4 <./fig/fig2.png>]
Overfull \hbox (6.78142pt too wide) detected at line 434
[][]
 []

[5]
Overfull \hbox (36.61694pt too wide) detected at line 639
[][]
 []


Underfull \hbox (badness 4967) in paragraph at lines 643--644
[]\C70/rm/m/n/10.53937/8f Ö \C70/rm/m/n/10.53937/52 © \C70/rm/m/n/10.53937/91 œ \C70/rm/m/n/10.53937/5b P \C70/rm/m/n/10.53937/6b ‘ \C70/rm/m/n/10.53937/72 y $[]$ \C70/rm/m/n/10.53937/54 å $[]$ \C70/rm/m/n/10.53937/52 M \C70/rm/m/n/10.53937/76 Ñ \C70/rm/m/n/10.53937/7c ˚ \C70/rm/m/n/10.53937/65 p \C70/rm/m/n/10.53937/52 ^^F + \C70/rm/m/n/10.53937/4e :
 []

<fig/fig3.png, id=209, 328.72812pt x 203.25937pt>
File: fig/fig3.png Graphic file (type png)
<use fig/fig3.png>
Package pdftex.def Info: fig/fig3.png  used on input line 709.
(pdftex.def)             Requested size: 382.5pt x 236.51297pt.
[6]
Overfull \hbox (2.33353pt too wide) detected at line 759
[][]
 []


Overfull \hbox (10.57065pt too wide) detected at line 773
[][]
 []


Overfull \hbox (16.59961pt too wide) detected at line 783
[][]
 []


Overfull \hbox (21.83118pt too wide) detected at line 800
[][]
 []

[7 <./fig/fig3.png>]
Underfull \hbox (badness 7963) in paragraph at lines 832--833
[]\C70/rm/m/n/10.53937/6c B \C70/rm/m/n/10.53937/89 „ \C70/rm/m/n/10.53937/7e ø \C70/rm/m/n/10.53937/60 ' \C70/rm/m/n/10.53937/65 π \C70/rm/m/n/10.53937/7a  \C70/rm/m/n/10.53937/7e ƒ \C70/rm/m/n/10.53937/76 Ñ \C70/rm/m/n/10.53937/67 ^^@ \C70/rm/m/n/10.53937/4f ^^X \C70/rm/m/n/10.53937/7e œ \C70/rm/m/n/10.53937/51 x \C70/rm/m/n/10.53937/7b ó \C70/rm/m/n/10.53937/6c ’ \C70/rm/m/n/10.53937/66 / \C70/rm/m/n/10.53937/51 q \C70/rm/m/n/10.53937/8f m \C70/rm/m/n/10.53937/68 Ø \C70/rm/m/n/10.53937/5e ¶
 []


Underfull \hbox (badness 6001) in paragraph at lines 832--833
\C70/rm/m/n/10.53937/6c ’\OT1/cmr/m/n/10.53937 (conjugate-gradiant method)|\C70/rm/m/n/10.53937/ff ^^L| \C70/rm/m/n/10.53937/51 v \C70/rm/m/n/10.53937/8b ° \C70/rm/m/n/10.53937/7b ó \C70/rm/m/n/10.53937/59 ^^M \C70/rm/m/n/10.53937/67 B \C70/rm/m/n/10.53937/5e ¶ \C70/rm/m/n/10.53937/4e :
 []


Underfull \hbox (badness 1043) in paragraph at lines 852--853
[]\C70/rm/m/n/10.53937/76 Ó \C70/rm/m/n/10.53937/52 M|\C70/rm/m/n/10.53937/ff ^^L| \C70/rm/m/n/10.53937/75 ( \C70/rm/m/n/10.53937/4e é \C70/rm/m/n/10.53937/63 ¢ \C70/rm/m/n/10.53937/7d " \C70/rm/m/n/10.53937/62 ” Q \C70/rm/m/n/10.53937/91 œ \C70/rm/m/n/10.53937/5b P \C70/rm/m/n/10.53937/8b ° \C70/rm/m/n/10.53937/7b ó \C70/rm/m/n/10.53937/76 Ñ \C70/rm/m/n/10.53937/4f S \C70/rm/m/n/10.53937/7c ˚ \C70/rm/m/n/10.53937/53 ^^E \C70/rm/m/n/10.53937/62 Ï \C70/rm/m/n/10.53937/5f : \C70/rm/m/n/10.53937/81 Í
 []

[8]
Underfull \hbox (badness 1043) in paragraph at lines 858--859
[]\C70/rm/m/n/10.53937/51 I \C70/rm/m/n/10.53937/91 œ \C70/rm/m/n/10.53937/5b P \C70/rm/m/n/10.53937/7c ˚ \C70/rm/m/n/10.53937/7e ﬂ \C70/rm/m/n/10.53937/51 w \C70/rm/m/n/10.53937/67 	 \C70/rm/m/n/10.53937/62 ó \C70/rm/m/n/10.53937/90 ^^@ \C70/rm/m/n/10.53937/76 ¯ \C70/rm/m/n/10.53937/5e r|\C70/rm/m/n/10.53937/30 ^^A| \C70/rm/m/n/10.53937/53 U \C70/rm/m/n/10.53937/6b ‘ \C70/rm/m/n/10.53937/72 y \C70/rm/m/n/10.53937/64 Õ \C70/rm/m/n/10.53937/7e µ \C70/rm/m/n/10.53937/7b Ä \C70/rm/m/n/10.53937/53 U \C70/rm/m/n/10.53937/7c æ
 []


Underfull \hbox (badness 1270) in paragraph at lines 862--863
[]\C70/rm/m/n/10.53937/65 È \C70/rm/m/n/10.53937/67 ^^_ \C70/rm/m/n/10.53937/76 Ñ \C70/rm/m/n/10.53937/51 I \C70/rm/m/n/10.53937/91 œ \C70/rm/m/n/10.53937/5b P \C70/rm/m/n/10.53937/8b ° \C70/rm/m/n/10.53937/7b ó \C70/rm/m/n/10.53937/4e ; \C70/rm/m/n/10.53937/89 Å \C70/rm/m/n/10.53937/57 ˙ \C70/rm/m/n/10.53937/4e é \C70/rm/m/n/10.53937/81 Í \C70/rm/m/n/10.53937/75 1 \C70/rm/m/n/10.53937/7a z \C70/rm/m/n/10.53937/95 Ù \C70/rm/m/n/10.53937/76 Ñ \C70/rm/m/n/10.53937/7e ø \C70/rm/m/n/10.53937/60 ' \C70/rm/m/n/10.53937/51 I
 []

[9]
Underfull \hbox (badness 10000) in paragraph at lines 885--886
[]\C70/rm/m/n/10.53937/67 , \C70/rm/m/n/10.53937/82 Ç \C70/rm/m/n/10.53937/7b Ä \C70/rm/m/n/10.53937/89 Å \C70/rm/m/n/10.53937/4e À \C70/rm/m/n/10.53937/7e Õ \OT1/cmr/m/n/10.53937 HHL \C70/rm/m/n/10.53937/7b ó \C70/rm/m/n/10.53937/6c ’ \C70/rm/m/n/10.53937/57 ( \C70/rm/m/n/10.53937/91 œ \C70/rm/m/n/10.53937/5b P \C70/rm/m/n/10.53937/4e ; \C70/rm/m/n/10.53937/62 ^^P \C70/rm/m/n/10.53937/52 ^^F ^^F
 []


Underfull \hbox (badness 1107) in paragraph at lines 889--890
[]\C70/rm/m/n/10.53937/95 Ó \C70/rm/m/n/10.53937/98 ò|\C70/rm/m/n/10.53937/ff ^^Z| \C70/rm/m/n/10.53937/7e Ÿ \C70/rm/m/n/10.53937/5b ö \C70/rm/m/n/10.53937/4e ^^@ * \C70/rm/m/n/10.53937/67 * \C70/rm/m/n/10.53937/77 Â \C70/rm/m/n/10.53937/91 œ \C70/rm/m/n/10.53937/5b P \C70/rm/m/n/10.53937/60 ^^A $\OML/cmm/m/it/10.53937 ^^Z$ \C70/rm/m/n/10.53937/76 Ñ $\OML/cmm/m/it/10.53937 n$ \C70/rm/m/n/10.53937/4e ˝ \C70/rm/m/n/10.53937/62 ˜ \C70/rm/m/n/10.53937/8d ^^]|\C70/rm/m/n/10.53937/ff ^^L|
 []


Underfull \hbox (badness 10000) in paragraph at lines 905--906
[]\C70/rm/m/n/10.53937/95 Ó \C70/rm/m/n/10.53937/98 ò|\C70/rm/m/n/10.53937/ff ^^Z| \C70/rm/m/n/10.53937/7e Ÿ \C70/rm/m/n/10.53937/5b ö \C70/rm/m/n/10.53937/7e ø \C70/rm/m/n/10.53937/60 ' \C70/rm/m/n/10.53937/53 Ô \C70/rm/m/n/10.53937/52 ^^F \C70/rm/m/n/10.53937/76 Ñ \C70/rm/m/n/10.53937/65 p \C70/rm/m/n/10.53937/63 n \C70/rm/m/n/10.53937/96 ∆ $\OML/cmm/m/it/10.53937 D \OT1/cmr/m/n/10.53937 =
 []


Underfull \hbox (badness 10000) in paragraph at lines 905--906
[]$|\C70/rm/m/n/10.53937/ff ^^L| \C70/rm/m/n/10.53937/6c B
 []

[10]
Underfull \hbox (badness 1253) in paragraph at lines 965--966
[]\C70/rm/m/n/10.53937/62 ” \C70/rm/m/n/10.53937/5c U \C70/rm/m/n/10.53937/5e î \C70/rm/m/n/10.53937/75 ( \C70/rm/m/n/10.53937/83 ^^C \C70/rm/m/n/10.53937/56 Ù|\C70/rm/m/n/10.53937/ff ^^Z| \C70/rm/m/n/10.53937/5c ^^F\OT1/cmr/m/n/10.53937 HHL\C70/rm/m/n/10.53937/7b ó \C70/rm/m/n/10.53937/6c ’ \C70/rm/m/n/10.53937/5e î \C70/rm/m/n/10.53937/75 ( \C70/rm/m/n/10.53937/4e é \C70/rm/m/n/10.53937/66 Ù \C70/rm/m/n/10.53937/5e ^^? \C70/rm/m/n/10.53937/6c € \C70/rm/m/n/10.53937/76 Ñ \C70/rm/m/n/10.53937/98 Ü
 []


Underfull \hbox (badness 1082) in paragraph at lines 1062--1063
\OT1/cmr/m/n/10.53937 the Im-prove-ment and Ap-pli-ca-tion of HHL Al-go-
 []

(./HHL.bbl) [11] (./HHL.aux)
 ***********
LaTeX2e <2023-11-01> patch level 1
L3 programming layer <2022/07/14>
 ***********
 ) 
Here is how much of TeX's memory you used:
 10307 strings out of 474115
 174566 string characters out of 5747696
 1993190 words of memory out of 5000000
 32197 multiletter control sequences out of 15000+600000
 612746 words of font info for 236 fonts, out of 8000000 for 9000
 1141 hyphenation exceptions out of 8191
 86i,13n,93p,1135b,377s stack positions out of 10000i,1000n,20000p,200000b,200000s
<c:/Windows/Fonts/simhei.ttf><c:/Windows/Fonts/simsun.ttc><c:/Windows/Fonts/simsun.ttc><c:/Windows/Fonts/simsun.ttc><c:/Windows/Fonts/simsun.ttc><c:/Windows/Fonts/simhei.ttf><c:/Windows/Fonts/simhei.ttf><c:/Windows/Fonts/simsun.ttc><c:/Windows/Fonts/simsun.ttc><c:/Windows/Fonts/simsun.ttc><c:/Windows/Fonts/simsun.ttc><c:/Windows/Fonts/simhei.ttf><c:/Windows/Fonts/simsun.ttc><c:/Windows/Fonts/simsun.ttc><c:/Windows/Fonts/simsun.ttc><c:/Windows/Fonts/simsun.ttc><c:/Windows/Fonts/simhei.ttf><c:/Windows/Fonts/simhei.ttf><c:/Windows/Fonts/simhei.ttf><c:/Windows/Fonts/simsun.ttc><c:/Windows/Fonts/simhei.ttf><c:/Windows/Fonts/simhei.ttf><c:/Windows/Fonts/simsun.ttc><c:/Windows/Fonts/simhei.ttf><c:/Windows/Fonts/simhei.ttf><c:/Windows/Fonts/simhei.ttf><c:/Windows/Fonts/simhei.ttf><c:/Windows/Fonts/simsun.ttc><c:/Windows/Fonts/simhei.ttf><c:/Windows/Fonts/simhei.ttf><c:/Windows/Fonts/simhei.ttf><c:/Windows/Fonts/simsun.ttc><c:/Windows/Fonts/simsun.ttc><c:/Windows/Fonts/simhei.ttf><c:/Windows/Fonts/simhei.ttf><c:/Windows/Fonts/simhei.ttf><c:/Windows/Fonts/simhei.ttf><c:/Windows/Fonts/simhei.ttf><c:/Windows/Fonts/simhei.ttf><c:/Windows/Fonts/simhei.ttf><c:/Windows/Fonts/simhei.ttf><c:/Windows/Fonts/simsun.ttc><c:/Windows/Fonts/simsun.ttc><c:/Windows/Fonts/simsun.ttc><c:/Windows/Fonts/simsun.ttc><c:/Windows/Fonts/simhei.ttf><c:/Windows/Fonts/simhei.ttf><c:/Windows/Fonts/simhei.ttf><c:/Windows/Fonts/simhei.ttf><c:/Windows/Fonts/simhei.ttf><c:/Windows/Fonts/simhei.ttf><c:/Windows/Fonts/simhei.ttf><c:/Windows/Fonts/simsun.ttc><c:/Windows/Fonts/simsun.ttc><c:/Windows/Fonts/simhei.ttf><c:/Windows/Fonts/simhei.ttf><c:/Windows/Fonts/simhei.ttf><c:/Windows/Fonts/simhei.ttf><c:/Windows/Fonts/simhei.ttf><c:/Windows/Fonts/simsun.ttc><c:/Windows/Fonts/simsun.ttc><c:/Windows/Fonts/simsun.ttc><c:/Windows/Fonts/simhei.ttf><c:/Windows/Fonts/simhei.ttf><c:/Windows/Fonts/simsun.ttc><c:/Windows/Fonts/simsun.ttc><c:/Windows/Fonts/simsun.ttc><c:/Windows/Fonts/simsun.ttc><c:/Windows/Fonts/simsun.ttc><c:/Windows/Fonts/simsun.ttc><c:/Windows/Fonts/simsun.ttc><c:/Windows/Fonts/simsun.ttc><c:/Windows/Fonts/simsun.ttc><c:/Windows/Fonts/simsun.ttc><c:/Windows/Fonts/simsun.ttc><c:/Windows/Fonts/simsun.ttc><c:/Windows/Fonts/simsun.ttc><c:/Windows/Fonts/simsun.ttc><c:/Windows/Fonts/simsun.ttc><c:/Windows/Fonts/simsun.ttc><c:/Windows/Fonts/simsun.ttc><c:/Windows/Fonts/simsun.ttc><c:/Windows/Fonts/simsun.ttc><c:/Windows/Fonts/simsun.ttc><c:/Windows/Fonts/simsun.ttc><c:/Windows/Fonts/simsun.ttc><c:/Windows/Fonts/simsun.ttc><c:/Windows/Fonts/simsun.ttc><c:/Windows/Fonts/simsun.ttc><c:/Windows/Fonts/simsun.ttc><c:/Windows/Fonts/simsun.ttc><c:/Windows/Fonts/simsun.ttc><c:/Windows/Fonts/simsun.ttc><c:/Windows/Fonts/simsun.ttc><c:/Windows/Fonts/simsun.ttc><c:/Windows/Fonts/simsun.ttc><c:/Windows/Fonts/simsun.ttc><c:/Windows/Fonts/simsun.ttc><c:/Windows/Fonts/simsun.ttc><c:/Windows/Fonts/simsun.ttc><c:/Windows/Fonts/simsun.ttc><c:/Windows/Fonts/simsun.ttc><c:/Windows/Fonts/simsun.ttc><c:/Windows/Fonts/simsun.ttc><c:/Windows/Fonts/simsun.ttc><c:/Windows/Fonts/simsun.ttc><c:/Windows/Fonts/simsun.ttc><c:/Windows/Fonts/simsun.ttc><c:/Windows/Fonts/simsun.ttc><c:/Windows/Fonts/simsun.ttc><c:/Windows/Fonts/simsun.ttc><c:/Windows/Fonts/simkai.ttf><c:/Windows/Fonts/simkai.ttf><c:/Windows/Fonts/simkai.ttf><c:/Windows/Fonts/simkai.ttf><c:/Windows/Fonts/simkai.ttf><c:/Windows/Fonts/simsun.ttc><c:/Windows/Fonts/simsun.ttc><c:/Windows/Fonts/simsun.ttc><c:/Windows/Fonts/simhei.ttf><c:/Windows/Fonts/simhei.ttf><c:/Windows/Fonts/simhei.ttf><c:/Windows/Fonts/simhei.ttf><c:/Windows/Fonts/simhei.ttf><c:/Windows/Fonts/simhei.ttf><c:/texlive/2024/texmf-dist/fonts/type1/public/amsfonts/cm/cmbx12.pfb><c:/texlive/2024/texmf-dist/fonts/type1/public/amsfonts/cm/cmbx9.pfb><c:/texlive/2024/texmf-dist/fonts/type1/public/amsfonts/cm/cmex10.pfb><c:/texlive/2024/texmf-dist/fonts/type1/public/amsfonts/cm/cmmi10.pfb><c:/texlive/2024/texmf-dist/fonts/type1/public/amsfonts/cm/cmmi5.pfb><c:/texlive/2024/texmf-dist/fonts/type1/public/amsfonts/cm/cmmi7.pfb><c:/texlive/2024/texmf-dist/fonts/type1/public/amsfonts/cm/cmr10.pfb><c:/texlive/2024/texmf-dist/fonts/type1/public/amsfonts/cm/cmr5.pfb><c:/texlive/2024/texmf-dist/fonts/type1/public/amsfonts/cm/cmr7.pfb><c:/texlive/2024/texmf-dist/fonts/type1/public/amsfonts/cm/cmr9.pfb><c:/texlive/2024/texmf-dist/fonts/type1/public/amsfonts/cm/cmsy10.pfb><c:/texlive/2024/texmf-dist/fonts/type1/public/amsfonts/cm/cmsy5.pfb><c:/texlive/2024/texmf-dist/fonts/type1/public/amsfonts/cm/cmsy7.pfb><c:/texlive/2024/texmf-dist/fonts/type1/public/amsfonts/cm/cmti9.pfb><c:/texlive/2024/texmf-dist/fonts/type1/public/amsfonts/symbols/msbm10.pfb>
Output written on HHL.pdf (11 pages, 949325 bytes).
PDF statistics:
 703 PDF objects out of 1000 (max. 8388607)
 447 compressed objects within 5 object streams
 0 named destinations out of 1000 (max. 500000)
 324 words of extra memory for PDF output out of 10000 (max. 10000000)

